Using pre-set license
Built from '2020.3/staging' branch; Version is '2020.3.33f1 (915a7af8b0d5) revision 9525882'; Using compiler version '192528614'; Build Type 'Release'
OS: 'Windows 10  (10.0.19043) 64bit Enterprise' Language: 'ko' Physical Memory: 16317 MB
BatchMode: 1, IsHumanControllingUs: 0, StartBugReporterOnCrash: 0, Is64bit: 1, IsPro: 0

COMMAND LINE ARGUMENTS:
C:\Program Files\Unity\Hub\Editor\2020.3.33f1\Editor\Unity.exe
-adb2
-batchMode
-noUpm
-name
AssetImportWorker0
-projectPath
C:/Users/multicampus/3DModel
-logFile
Logs/AssetImportWorker0.log
-srvPort
63128
Successfully changed project path to: C:/Users/multicampus/3DModel
C:/Users/multicampus/3DModel
Using Asset Import Pipeline V2.
Refreshing native plugins compatible for Editor in 57.82 ms, found 2 plugins.
Preloading 0 native plugins for Editor in 0.00 ms.
Initialize engine version: 2020.3.33f1 (915a7af8b0d5)
[Subsystems] Discovering subsystems at path C:/Program Files/Unity/Hub/Editor/2020.3.33f1/Editor/Data/Resources/UnitySubsystems
[Subsystems] Discovering subsystems at path C:/Users/multicampus/3DModel/Assets
GfxDevice: creating device client; threaded=0
Direct3D:
    Version:  Direct3D 11.0 [level 11.1]
    Renderer: NVIDIA GeForce GTX 1060 (ID=0x1c20)
    Vendor:   
    VRAM:     6052 MB
    Driver:   27.21.14.5167
Initialize mono
Mono path[0] = 'C:/Program Files/Unity/Hub/Editor/2020.3.33f1/Editor/Data/Managed'
Mono path[1] = 'C:/Program Files/Unity/Hub/Editor/2020.3.33f1/Editor/Data/MonoBleedingEdge/lib/mono/unityjit'
Mono config path = 'C:/Program Files/Unity/Hub/Editor/2020.3.33f1/Editor/Data/MonoBleedingEdge/etc'
Using monoOptions --debugger-agent=transport=dt_socket,embedding=1,server=y,suspend=n,address=127.0.0.1:56916
Begin MonoManager ReloadAssembly
Registering precompiled unity dll's ...
Register platform support module: C:/Program Files/Unity/Hub/Editor/2020.3.33f1/Editor/Data/PlaybackEngines/WebGLSupport/UnityEditor.WebGL.Extensions.dll
Register platform support module: C:/Program Files/Unity/Hub/Editor/2020.3.33f1/Editor/Data/PlaybackEngines/WindowsStandaloneSupport/UnityEditor.WindowsStandalone.Extensions.dll
Registered in 0.004989 seconds.
Native extension for WindowsStandalone target not found
Native extension for WebGL target not found
Refreshing native plugins compatible for Editor in 54.87 ms, found 2 plugins.
Preloading 0 native plugins for Editor in 0.00 ms.
Mono: successfully reloaded assembly
- Completed reload, in  1.087 seconds
Domain Reload Profiling:
	ReloadAssembly (1087ms)
		BeginReloadAssembly (161ms)
			ExecutionOrderSort (0ms)
			DisableScriptedObjects (0ms)
			BackupInstance (0ms)
			ReleaseScriptingObjects (0ms)
			CreateAndSetChildDomain (1ms)
		EndReloadAssembly (792ms)
			LoadAssemblies (161ms)
			RebuildTransferFunctionScriptingTraits (0ms)
			SetupTypeCache (268ms)
			ReleaseScriptCaches (0ms)
			RebuildScriptCaches (54ms)
			SetupLoadedEditorAssemblies (278ms)
				LogAssemblyErrors (0ms)
				InitializePlatformSupportModulesInManaged (9ms)
				SetLoadedEditorAssemblies (0ms)
				RefreshPlugins (55ms)
				BeforeProcessingInitializeOnLoad (22ms)
				ProcessInitializeOnLoadAttributes (142ms)
				ProcessInitializeOnLoadMethodAttributes (48ms)
				AfterProcessingInitializeOnLoad (0ms)
				EditorAssembliesLoaded (0ms)
			ExecutionOrderSort2 (0ms)
			AwakeInstancesAfterBackupRestoration (0ms)
Platform modules already initialized, skipping
Registering precompiled user dll's ...
Registered in 0.005641 seconds.
Begin MonoManager ReloadAssembly
Symbol file LoadedFromMemory doesn't match image C:\Users\multicampus\3DModel\Library\PackageCache\com.unity.collab-proxy@1.15.15\Lib\Editor\PlasticSCM\unityplastic.dll
Native extension for WindowsStandalone target not found
Native extension for WebGL target not found
Refreshing native plugins compatible for Editor in 0.58 ms, found 2 plugins.
Preloading 0 native plugins for Editor in 0.00 ms.
Mono: successfully reloaded assembly
- Completed reload, in  1.847 seconds
Domain Reload Profiling:
	ReloadAssembly (1849ms)
		BeginReloadAssembly (306ms)
			ExecutionOrderSort (0ms)
			DisableScriptedObjects (8ms)
			BackupInstance (0ms)
			ReleaseScriptingObjects (0ms)
			CreateAndSetChildDomain (30ms)
		EndReloadAssembly (1439ms)
			LoadAssemblies (221ms)
			RebuildTransferFunctionScriptingTraits (0ms)
			SetupTypeCache (501ms)
			ReleaseScriptCaches (1ms)
			RebuildScriptCaches (74ms)
			SetupLoadedEditorAssemblies (523ms)
				LogAssemblyErrors (0ms)
				InitializePlatformSupportModulesInManaged (9ms)
				SetLoadedEditorAssemblies (1ms)
				RefreshPlugins (1ms)
				BeforeProcessingInitializeOnLoad (157ms)
				ProcessInitializeOnLoadAttributes (332ms)
				ProcessInitializeOnLoadMethodAttributes (16ms)
				AfterProcessingInitializeOnLoad (7ms)
				EditorAssembliesLoaded (0ms)
			ExecutionOrderSort2 (0ms)
			AwakeInstancesAfterBackupRestoration (11ms)
Platform modules already initialized, skipping
========================================================================
Worker process is ready to serve import requests
Launched and connected shader compiler UnityShaderCompiler.exe after 0.11 seconds
Refreshing native plugins compatible for Editor in 0.45 ms, found 2 plugins.
Preloading 0 native plugins for Editor in 0.00 ms.
Unloading 1522 Unused Serialized files (Serialized files now loaded: 0)
System memory in use before: 70.4 MB.
System memory in use after: 70.5 MB.

Unloading 16 unused Assets to reduce memory usage. Loaded Objects now: 1959.
Total: 4.556000 ms (FindLiveObjects: 0.180900 ms CreateObjectMapping: 0.075100 ms MarkObjects: 4.194000 ms  DeleteObjects: 0.103800 ms)

AssetImportParameters requested are different than current active one (requested -> active):
  custom:framework-win-MediaFoundation: 216162199b28c13a410421893ffa2e32 -> 
  custom:video-decoder-ogg-theora: a1e56fd34408186e4bbccfd4996cb3dc -> 
  custom:container-muxer-webm: aa71ff27fc2769a1b78a27578f13a17b -> 
  custom:container-demuxer-webm: 4f35f7cbe854078d1ac9338744f61a02 -> 
  custom:container-demuxer-ogg: 62fdf1f143b41e24485cea50d1cbac27 -> 
  custom:video-encoder-webm-vp8: eb34c28f22e8b96e1ab97ce403110664 -> 
  custom:video-decoder-webm-vp8: 9c59270c3fd7afecdb556c50c9e8de78 -> 
  custom:audio-decoder-ogg-vorbis: bf7c407c2cedff20999df2af8eb42d56 -> 
  custom:audio-encoder-webm-vorbis: bf7c407c2cedff20999df2af8eb42d56 -> 
========================================================================
Received Import Request.
  path: Assets/3d-character_animeGirlAkane
  artifactKey: Guid(14cedd3abd1645449b489dd9e0503e6f) Importer(815301076,1909f56bfc062723c751e8b465ee728b)
Start importing Assets/3d-character_animeGirlAkane using Guid(14cedd3abd1645449b489dd9e0503e6f) Importer(815301076,1909f56bfc062723c751e8b465ee728b)  -> (artifact id: 'fe55f65ee326dc4d16637146fe3befe0') in 0.008882 seconds 
========================================================================
Received Import Request.
  Time since last request: 11.067615 seconds.
  path: Assets/3d-character_animeGirlAkane/Akane
  artifactKey: Guid(e82c766da012d694dbe20c24bde8aa6a) Importer(815301076,1909f56bfc062723c751e8b465ee728b)
Start importing Assets/3d-character_animeGirlAkane/Akane using Guid(e82c766da012d694dbe20c24bde8aa6a) Importer(815301076,1909f56bfc062723c751e8b465ee728b)  -> (artifact id: '38d106614a2ab41c8688b0df176a227e') in 0.005658 seconds 
========================================================================
Received Import Request.
  Time since last request: 0.055308 seconds.
  path: Assets/3d-character_animeGirlAkane/Akane/angGirl.fbx
  artifactKey: Guid(1679e2eb6e9a6344c994a61f31e35389) Importer(815301076,1909f56bfc062723c751e8b465ee728b)
Start importing Assets/3d-character_animeGirlAkane/Akane/angGirl.fbx using Guid(1679e2eb6e9a6344c994a61f31e35389) Importer(815301076,1909f56bfc062723c751e8b465ee728b)  -> (artifact id: 'f9939957aa27090774467d09c8a5b8d1') in 2.224728 seconds 
========================================================================
Received Import Request.
  Time since last request: 147.573757 seconds.
  path: Assets
  artifactKey: Guid(00000000000000001000000000000000) Importer(815301076,1909f56bfc062723c751e8b465ee728b)
Start importing Assets using Guid(00000000000000001000000000000000) Importer(815301076,1909f56bfc062723c751e8b465ee728b)  -> (artifact id: '42d402b061de3733987d63b9cc3b64de') in 0.006850 seconds 
========================================================================
Received Import Request.
  Time since last request: 14.277393 seconds.
  path: Assets/AnimateController.controller
  artifactKey: Guid(02337260cbc9f5f4f8bf1934ca3fb763) Importer(815301076,1909f56bfc062723c751e8b465ee728b)
Start importing Assets/AnimateController.controller using Guid(02337260cbc9f5f4f8bf1934ca3fb763) Importer(815301076,1909f56bfc062723c751e8b465ee728b)  -> (artifact id: 'e46c4a2e05e63b9911f93fbf45ca86b9') in 0.015597 seconds 
========================================================================
Received Import Request.
  Time since last request: 9.714488 seconds.
  path: Assets/Player.controller
  artifactKey: Guid(02337260cbc9f5f4f8bf1934ca3fb763) Importer(815301076,1909f56bfc062723c751e8b465ee728b)
Start importing Assets/Player.controller using Guid(02337260cbc9f5f4f8bf1934ca3fb763) Importer(815301076,1909f56bfc062723c751e8b465ee728b)  -> (artifact id: '9997c407bc77d1862cabfcc0fad08985') in 0.007030 seconds 
========================================================================
Received Import Request.
  Time since last request: 118.670053 seconds.
  path: Assets/3d-character_animeGirlAkane/Akane/materials
  artifactKey: Guid(a06ece4fa448fee4bbf4789a068addc3) Importer(815301076,1909f56bfc062723c751e8b465ee728b)
Start importing Assets/3d-character_animeGirlAkane/Akane/materials using Guid(a06ece4fa448fee4bbf4789a068addc3) Importer(815301076,1909f56bfc062723c751e8b465ee728b)  -> (artifact id: '019d1baa98daea568936ae503edbf3a6') in 0.005792 seconds 
========================================================================
Received Import Request.
  Time since last request: 0.053149 seconds.
  path: Assets/3d-character_animeGirlAkane/Akane/materials/N00_000_00_Body_00_SKIN (Instance).mat
  artifactKey: Guid(51e3fbf0699620e4e9112c94e703fc97) Importer(815301076,1909f56bfc062723c751e8b465ee728b)
Start importing Assets/3d-character_animeGirlAkane/Akane/materials/N00_000_00_Body_00_SKIN (Instance).mat using Guid(51e3fbf0699620e4e9112c94e703fc97) Importer(815301076,1909f56bfc062723c751e8b465ee728b)  -> (artifact id: '7ecaa3e097b5bc7b45a0f216569f882e') in 0.188975 seconds 
========================================================================
Received Import Request.
  Time since last request: 0.000442 seconds.
  path: Assets/3d-character_animeGirlAkane/Akane/materials/N00_000_00_Face_00_SKIN (Instance).mat
  artifactKey: Guid(209c3b49d6c7728428a810e7803aecc1) Importer(815301076,1909f56bfc062723c751e8b465ee728b)
Start importing Assets/3d-character_animeGirlAkane/Akane/materials/N00_000_00_Face_00_SKIN (Instance).mat using Guid(209c3b49d6c7728428a810e7803aecc1) Importer(815301076,1909f56bfc062723c751e8b465ee728b)  -> (artifact id: 'a6b3aefdeccf28b9e62ee1ac8723c1fd') in 0.023245 seconds 
========================================================================
Received Import Request.
  Time since last request: 0.000446 seconds.
  path: Assets/3d-character_animeGirlAkane/Akane/materials/N00_000_00_HairBack_00_HAIR (Instance).mat
  artifactKey: Guid(f09d94dc098041542ad292280537ff7a) Importer(815301076,1909f56bfc062723c751e8b465ee728b)
Start importing Assets/3d-character_animeGirlAkane/Akane/materials/N00_000_00_HairBack_00_HAIR (Instance).mat using Guid(f09d94dc098041542ad292280537ff7a) Importer(815301076,1909f56bfc062723c751e8b465ee728b)  -> (artifact id: '050fdc9b30cb10fd7a9ad7cc493ca359') in 0.020457 seconds 
========================================================================
Received Import Request.
  Time since last request: 0.000499 seconds.
  path: Assets/3d-character_animeGirlAkane/Akane/materials/N00_000_00_EyeWhite_00_EYE (Instance).mat
  artifactKey: Guid(6a520fcb54d763346b7a69ca7ce5d13c) Importer(815301076,1909f56bfc062723c751e8b465ee728b)
Start importing Assets/3d-character_animeGirlAkane/Akane/materials/N00_000_00_EyeWhite_00_EYE (Instance).mat using Guid(6a520fcb54d763346b7a69ca7ce5d13c) Importer(815301076,1909f56bfc062723c751e8b465ee728b)  -> (artifact id: '3829f843a589ad4034b6a18a32cb7a3d') in 0.018782 seconds 
========================================================================
Received Import Request.
  Time since last request: 0.000446 seconds.
  path: Assets/3d-character_animeGirlAkane/Akane/materials/N00_000_00_FaceEyeline_00_FACE (Instance).mat
  artifactKey: Guid(2998e93663e6cc642ada36525133b9a9) Importer(815301076,1909f56bfc062723c751e8b465ee728b)
Start importing Assets/3d-character_animeGirlAkane/Akane/materials/N00_000_00_FaceEyeline_00_FACE (Instance).mat using Guid(2998e93663e6cc642ada36525133b9a9) Importer(815301076,1909f56bfc062723c751e8b465ee728b)  -> (artifact id: '5f5f304f7fdcf5a8bc88807a0e413a08') in 0.018007 seconds 
========================================================================
Received Import Request.
  Time since last request: 0.000475 seconds.
  path: Assets/3d-character_animeGirlAkane/Akane/materials/N00_000_Hair_00_HAIR (Instance).mat
  artifactKey: Guid(8e6524362753fca469ed92c208e314c1) Importer(815301076,1909f56bfc062723c751e8b465ee728b)
Start importing Assets/3d-character_animeGirlAkane/Akane/materials/N00_000_Hair_00_HAIR (Instance).mat using Guid(8e6524362753fca469ed92c208e314c1) Importer(815301076,1909f56bfc062723c751e8b465ee728b)  -> (artifact id: 'f4854939110aec9dc334810c95483481') in 0.018996 seconds 
========================================================================
Received Import Request.
  Time since last request: 0.000411 seconds.
  path: Assets/3d-character_animeGirlAkane/Akane/materials/N00_000_00_EyeIris_00_EYE (Instance).mat
  artifactKey: Guid(476b2f196fdfb2646be35a616ae82cc6) Importer(815301076,1909f56bfc062723c751e8b465ee728b)
Start importing Assets/3d-character_animeGirlAkane/Akane/materials/N00_000_00_EyeIris_00_EYE (Instance).mat using Guid(476b2f196fdfb2646be35a616ae82cc6) Importer(815301076,1909f56bfc062723c751e8b465ee728b)  -> (artifact id: '8683648ebed88ee4c3834c50fdaf0f25') in 0.023878 seconds 
========================================================================
Received Import Request.
  Time since last request: 0.000491 seconds.
  path: Assets/3d-character_animeGirlAkane/Akane/materials/N00_000_00_FaceBrow_00_FACE (Instance).mat
  artifactKey: Guid(af38dde51c7cfcb4ab6f6fcb6cf18749) Importer(815301076,1909f56bfc062723c751e8b465ee728b)
Start importing Assets/3d-character_animeGirlAkane/Akane/materials/N00_000_00_FaceBrow_00_FACE (Instance).mat using Guid(af38dde51c7cfcb4ab6f6fcb6cf18749) Importer(815301076,1909f56bfc062723c751e8b465ee728b)  -> (artifact id: '7e105560e0e4a14e9db4293981e551cf') in 0.018193 seconds 
========================================================================
Received Import Request.
  Time since last request: 0.000488 seconds.
  path: Assets/3d-character_animeGirlAkane/Akane/materials/N00_002_01_Tops_01_CLOTH (Instance).mat
  artifactKey: Guid(47592d5c58d82c148810bb2af39dea90) Importer(815301076,1909f56bfc062723c751e8b465ee728b)
Start importing Assets/3d-character_animeGirlAkane/Akane/materials/N00_002_01_Tops_01_CLOTH (Instance).mat using Guid(47592d5c58d82c148810bb2af39dea90) Importer(815301076,1909f56bfc062723c751e8b465ee728b)  -> (artifact id: '899948118d8c5eeecae73657654f60a8') in 0.023932 seconds 
========================================================================
Received Import Request.
  Time since last request: 0.000350 seconds.
  path: Assets/3d-character_animeGirlAkane/Akane/materials/N00_001_01_Shoes_01_CLOTH (Instance).mat
  artifactKey: Guid(486a1bfea4ede20488a8fb78d4977b30) Importer(815301076,1909f56bfc062723c751e8b465ee728b)
Start importing Assets/3d-character_animeGirlAkane/Akane/materials/N00_001_01_Shoes_01_CLOTH (Instance).mat using Guid(486a1bfea4ede20488a8fb78d4977b30) Importer(815301076,1909f56bfc062723c751e8b465ee728b)  -> (artifact id: '7309722982e1fa77024cdcf9884c6fba') in 0.018964 seconds 
========================================================================
Received Import Request.
  Time since last request: 0.000382 seconds.
  path: Assets/3d-character_animeGirlAkane/Akane/materials/N00_000_00_FaceMouth_00_FACE (Instance).mat
  artifactKey: Guid(c07901b5560e42444b06c12f972dd5e6) Importer(815301076,1909f56bfc062723c751e8b465ee728b)
Start importing Assets/3d-character_animeGirlAkane/Akane/materials/N00_000_00_FaceMouth_00_FACE (Instance).mat using Guid(c07901b5560e42444b06c12f972dd5e6) Importer(815301076,1909f56bfc062723c751e8b465ee728b)  -> (artifact id: '96aa3c80dc9d7bb65e97992a70aeff72') in 0.020322 seconds 
========================================================================
Received Import Request.
  Time since last request: 2.588597 seconds.
  path: Assets/3d-character_animeGirlAkane/Akane/textures/_01.png
  artifactKey: Guid(0f8392764569ba04a84fe7fbba6c33c5) Importer(815301076,1909f56bfc062723c751e8b465ee728b)
Start importing Assets/3d-character_animeGirlAkane/Akane/textures/_01.png using Guid(0f8392764569ba04a84fe7fbba6c33c5) Importer(815301076,1909f56bfc062723c751e8b465ee728b)  -> (artifact id: '827d0c25f7c2e903ad38800557e704a7') in 0.027551 seconds 
========================================================================
Received Import Request.
  Time since last request: 0.000432 seconds.
  path: Assets/3d-character_animeGirlAkane/Akane/textures/_07.png
  artifactKey: Guid(21425dac8816fbc48921720a4b9d211c) Importer(815301076,1909f56bfc062723c751e8b465ee728b)
Start importing Assets/3d-character_animeGirlAkane/Akane/textures/_07.png using Guid(21425dac8816fbc48921720a4b9d211c) Importer(815301076,1909f56bfc062723c751e8b465ee728b)  -> (artifact id: '558ee3b36906bfba6e7952d67c09e51a') in 0.016297 seconds 
========================================================================
Received Import Request.
  Time since last request: 0.000461 seconds.
  path: Assets/3d-character_animeGirlAkane/Akane/textures/_13.png
  artifactKey: Guid(f80dfae63bcdb274da94d73b330a6740) Importer(815301076,1909f56bfc062723c751e8b465ee728b)
Start importing Assets/3d-character_animeGirlAkane/Akane/textures/_13.png using Guid(f80dfae63bcdb274da94d73b330a6740) Importer(815301076,1909f56bfc062723c751e8b465ee728b)  -> (artifact id: 'a8d25741e21f116a999e1198651fc470') in 0.018838 seconds 
========================================================================
Received Import Request.
  Time since last request: 0.000408 seconds.
  path: Assets/3d-character_animeGirlAkane/Akane/textures/N00_000_00_HairBack_00_nml.png
  artifactKey: Guid(9151acb60936a744eb3be2d1c4f7f6fb) Importer(815301076,1909f56bfc062723c751e8b465ee728b)
Start importing Assets/3d-character_animeGirlAkane/Akane/textures/N00_000_00_HairBack_00_nml.png using Guid(9151acb60936a744eb3be2d1c4f7f6fb) Importer(815301076,1909f56bfc062723c751e8b465ee728b)  -> (artifact id: 'f1b01a63aeafb80886ce571085c443ca') in 0.017549 seconds 
========================================================================
Received Import Request.
  Time since last request: 0.000448 seconds.
  path: Assets/3d-character_animeGirlAkane/Akane/textures/_02.png
  artifactKey: Guid(321f63716f27f9447a6fc06e57376cfd) Importer(815301076,1909f56bfc062723c751e8b465ee728b)
Start importing Assets/3d-character_animeGirlAkane/Akane/textures/_02.png using Guid(321f63716f27f9447a6fc06e57376cfd) Importer(815301076,1909f56bfc062723c751e8b465ee728b)  -> (artifact id: '37ce61780c0b93c9be2f459f6d2107e2') in 0.014845 seconds 
========================================================================
Received Import Request.
  Time since last request: 0.000454 seconds.
  path: Assets/3d-character_animeGirlAkane/Akane/textures/_06.png
  artifactKey: Guid(9e7b36e0d1d0ec3418f804822d3fbefc) Importer(815301076,1909f56bfc062723c751e8b465ee728b)
Start importing Assets/3d-character_animeGirlAkane/Akane/textures/_06.png using Guid(9e7b36e0d1d0ec3418f804822d3fbefc) Importer(815301076,1909f56bfc062723c751e8b465ee728b)  -> (artifact id: '0f20005e025f8ff98ef2af158d81725a') in 0.014771 seconds 
========================================================================
Received Import Request.
  Time since last request: 0.000426 seconds.
  path: Assets/3d-character_animeGirlAkane/Akane/textures/_10.png
  artifactKey: Guid(cf4f5539c39dd0d49a0a1e871a16aa4c) Importer(815301076,1909f56bfc062723c751e8b465ee728b)
Start importing Assets/3d-character_animeGirlAkane/Akane/textures/_10.png using Guid(cf4f5539c39dd0d49a0a1e871a16aa4c) Importer(815301076,1909f56bfc062723c751e8b465ee728b)  -> (artifact id: '805430de306410c71b98f33d735b6c89') in 0.018866 seconds 
========================================================================
Received Import Request.
  Time since last request: 0.000473 seconds.
  path: Assets/3d-character_animeGirlAkane/Akane/textures/_15.png
  artifactKey: Guid(0cdd88c85a79f7b449cbdbb7970510a9) Importer(815301076,1909f56bfc062723c751e8b465ee728b)
Start importing Assets/3d-character_animeGirlAkane/Akane/textures/_15.png using Guid(0cdd88c85a79f7b449cbdbb7970510a9) Importer(815301076,1909f56bfc062723c751e8b465ee728b)  -> (artifact id: 'c1b756a33918054558057710157c39d4') in 0.015718 seconds 
========================================================================
Received Import Request.
  Time since last request: 0.000511 seconds.
  path: Assets/3d-character_animeGirlAkane/Akane/textures/_11.png
  artifactKey: Guid(93d3ab17440c8ff42b324da013ec9278) Importer(815301076,1909f56bfc062723c751e8b465ee728b)
Start importing Assets/3d-character_animeGirlAkane/Akane/textures/_11.png using Guid(93d3ab17440c8ff42b324da013ec9278) Importer(815301076,1909f56bfc062723c751e8b465ee728b)  -> (artifact id: '8b507f502f1db2f83702012e0de0d5bf') in 0.023263 seconds 
========================================================================
Received Import Request.
  Time since last request: 0.000432 seconds.
  path: Assets/3d-character_animeGirlAkane/Akane/textures/_09.png
  artifactKey: Guid(f7553d59a2f739f429b92952bc7a3d33) Importer(815301076,1909f56bfc062723c751e8b465ee728b)
Start importing Assets/3d-character_animeGirlAkane/Akane/textures/_09.png using Guid(f7553d59a2f739f429b92952bc7a3d33) Importer(815301076,1909f56bfc062723c751e8b465ee728b)  -> (artifact id: '54c1cee25ce7273ef283c0d3eb45aba5') in 0.012921 seconds 
========================================================================
Received Import Request.
  Time since last request: 0.000464 seconds.
  path: Assets/3d-character_animeGirlAkane/Akane/textures/Thumbnail.png
  artifactKey: Guid(fdacfcae4f6e2a642b2a1586632507e7) Importer(815301076,1909f56bfc062723c751e8b465ee728b)
Start importing Assets/3d-character_animeGirlAkane/Akane/textures/Thumbnail.png using Guid(fdacfcae4f6e2a642b2a1586632507e7) Importer(815301076,1909f56bfc062723c751e8b465ee728b)  -> (artifact id: 'e9af5013b829c606df48d1395a5ad9ba') in 0.018885 seconds 
========================================================================
Received Import Request.
  Time since last request: 0.000484 seconds.
  path: Assets/3d-character_animeGirlAkane/Akane/textures/_14.png
  artifactKey: Guid(fceabfb96bca3bd4d85a2b4faa8a0663) Importer(815301076,1909f56bfc062723c751e8b465ee728b)
Start importing Assets/3d-character_animeGirlAkane/Akane/textures/_14.png using Guid(fceabfb96bca3bd4d85a2b4faa8a0663) Importer(815301076,1909f56bfc062723c751e8b465ee728b)  -> (artifact id: '0428b0599b8b5c8586dc86a3661030dc') in 0.015735 seconds 
========================================================================
Received Import Request.
  Time since last request: 0.000412 seconds.
  path: Assets/3d-character_animeGirlAkane/Akane/textures/_12.png
  artifactKey: Guid(4399fefcac546e143b0f6c667a7dcbf8) Importer(815301076,1909f56bfc062723c751e8b465ee728b)
Start importing Assets/3d-character_animeGirlAkane/Akane/textures/_12.png using Guid(4399fefcac546e143b0f6c667a7dcbf8) Importer(815301076,1909f56bfc062723c751e8b465ee728b)  -> (artifact id: '4dcce1ee0bc6fd47aab85435fef62982') in 0.016907 seconds 
========================================================================
Received Import Request.
  Time since last request: 0.000437 seconds.
  path: Assets/3d-character_animeGirlAkane/Akane/textures/N00_000_Hair_00_nml.png
  artifactKey: Guid(5dcb52556be8ae6488eb71895740b617) Importer(815301076,1909f56bfc062723c751e8b465ee728b)
Start importing Assets/3d-character_animeGirlAkane/Akane/textures/N00_000_Hair_00_nml.png using Guid(5dcb52556be8ae6488eb71895740b617) Importer(815301076,1909f56bfc062723c751e8b465ee728b)  -> (artifact id: '56794aa87148a74965883f16e0e5f932') in 0.015422 seconds 
========================================================================
Received Import Request.
  Time since last request: 0.000398 seconds.
  path: Assets/3d-character_animeGirlAkane/Akane/textures/N00_000_00_Face_00_out.png
  artifactKey: Guid(f296706011119814690b434b3a4c61b5) Importer(815301076,1909f56bfc062723c751e8b465ee728b)
Start importing Assets/3d-character_animeGirlAkane/Akane/textures/N00_000_00_Face_00_out.png using Guid(f296706011119814690b434b3a4c61b5) Importer(815301076,1909f56bfc062723c751e8b465ee728b)  -> (artifact id: 'd1a78947d0ebc62187dd05d004af0181') in 0.015511 seconds 
========================================================================
Received Import Request.
  Time since last request: 0.000470 seconds.
  path: Assets/3d-character_animeGirlAkane/Akane/textures/_05.png
  artifactKey: Guid(8e394efc008fd6148a8aa0fde1a39e22) Importer(815301076,1909f56bfc062723c751e8b465ee728b)
Start importing Assets/3d-character_animeGirlAkane/Akane/textures/_05.png using Guid(8e394efc008fd6148a8aa0fde1a39e22) Importer(815301076,1909f56bfc062723c751e8b465ee728b)  -> (artifact id: 'f3ce4755fe2a64e4d64fe2cb38e1a3f3') in 0.015882 seconds 
========================================================================
Received Import Request.
  Time since last request: 0.000335 seconds.
  path: Assets/3d-character_animeGirlAkane/Akane/textures/_04.png
  artifactKey: Guid(2c1eb5f5a9d7bca439d7990eef8e190a) Importer(815301076,1909f56bfc062723c751e8b465ee728b)
Start importing Assets/3d-character_animeGirlAkane/Akane/textures/_04.png using Guid(2c1eb5f5a9d7bca439d7990eef8e190a) Importer(815301076,1909f56bfc062723c751e8b465ee728b)  -> (artifact id: '33c7cf7f888e5d54e349f5358cdb5c76') in 0.016093 seconds 
========================================================================
Received Import Request.
  Time since last request: 0.000425 seconds.
  path: Assets/3d-character_animeGirlAkane/Akane/textures/_16.png
  artifactKey: Guid(5cc8e449232d5e445832bcff945269d8) Importer(815301076,1909f56bfc062723c751e8b465ee728b)
Start importing Assets/3d-character_animeGirlAkane/Akane/textures/_16.png using Guid(5cc8e449232d5e445832bcff945269d8) Importer(815301076,1909f56bfc062723c751e8b465ee728b)  -> (artifact id: 'd4b840db26c29ffaea8a9690be2d4f1b') in 0.014651 seconds 
========================================================================
Received Import Request.
  Time since last request: 24.884537 seconds.
  path: Assets/3d-character_animeGirlAkane/DemoScene/Animation/happy.anim
  artifactKey: Guid(6aede8e2eca54944caa290490744f4ab) Importer(815301076,1909f56bfc062723c751e8b465ee728b)
Start importing Assets/3d-character_animeGirlAkane/DemoScene/Animation/happy.anim using Guid(6aede8e2eca54944caa290490744f4ab) Importer(815301076,1909f56bfc062723c751e8b465ee728b)  -> (artifact id: '3e7c1e54204ab6095bd1e1831e2ab969') in 0.013678 seconds 
========================================================================
Received Prepare
Registering precompiled user dll's ...
Registered in 0.007143 seconds.
Begin MonoManager ReloadAssembly
Symbol file LoadedFromMemory doesn't match image C:\Users\multicampus\3DModel\Library\PackageCache\com.unity.collab-proxy@1.15.15\Lib\Editor\PlasticSCM\unityplastic.dll
Native extension for WindowsStandalone target not found
Native extension for WebGL target not found
Refreshing native plugins compatible for Editor in 0.48 ms, found 2 plugins.
Preloading 0 native plugins for Editor in 0.00 ms.
Mono: successfully reloaded assembly
- Completed reload, in  1.842 seconds
Domain Reload Profiling:
	ReloadAssembly (1843ms)
		BeginReloadAssembly (265ms)
			ExecutionOrderSort (0ms)
			DisableScriptedObjects (8ms)
			BackupInstance (0ms)
			ReleaseScriptingObjects (0ms)
			CreateAndSetChildDomain (62ms)
		EndReloadAssembly (1459ms)
			LoadAssemblies (246ms)
			RebuildTransferFunctionScriptingTraits (0ms)
			SetupTypeCache (511ms)
			ReleaseScriptCaches (1ms)
			RebuildScriptCaches (68ms)
			SetupLoadedEditorAssemblies (528ms)
				LogAssemblyErrors (0ms)
				InitializePlatformSupportModulesInManaged (10ms)
				SetLoadedEditorAssemblies (1ms)
				RefreshPlugins (1ms)
				BeforeProcessingInitializeOnLoad (164ms)
				ProcessInitializeOnLoadAttributes (326ms)
				ProcessInitializeOnLoadMethodAttributes (17ms)
				AfterProcessingInitializeOnLoad (10ms)
				EditorAssembliesLoaded (0ms)
			ExecutionOrderSort2 (0ms)
			AwakeInstancesAfterBackupRestoration (15ms)
Platform modules already initialized, skipping
Refreshing native plugins compatible for Editor in 0.46 ms, found 2 plugins.
Preloading 0 native plugins for Editor in 0.00 ms.
Unloading 1515 Unused Serialized files (Serialized files now loaded: 0)
System memory in use before: 87.3 MB.
System memory in use after: 87.4 MB.

Unloading 11 unused Assets to reduce memory usage. Loaded Objects now: 2012.
Total: 4.267200 ms (FindLiveObjects: 0.177600 ms CreateObjectMapping: 0.083200 ms MarkObjects: 3.972400 ms  DeleteObjects: 0.032100 ms)

AssetImportParameters requested are different than current active one (requested -> active):
  custom:framework-win-MediaFoundation: 216162199b28c13a410421893ffa2e32 -> 
  custom:video-decoder-ogg-theora: a1e56fd34408186e4bbccfd4996cb3dc -> 
  custom:container-muxer-webm: aa71ff27fc2769a1b78a27578f13a17b -> 
  custom:container-demuxer-webm: 4f35f7cbe854078d1ac9338744f61a02 -> 
  custom:container-demuxer-ogg: 62fdf1f143b41e24485cea50d1cbac27 -> 
  custom:video-encoder-webm-vp8: eb34c28f22e8b96e1ab97ce403110664 -> 
  custom:video-decoder-webm-vp8: 9c59270c3fd7afecdb556c50c9e8de78 -> 
  custom:audio-decoder-ogg-vorbis: bf7c407c2cedff20999df2af8eb42d56 -> 
  custom:audio-encoder-webm-vorbis: bf7c407c2cedff20999df2af8eb42d56 -> 
========================================================================
Received Import Request.
  Time since last request: 270.163493 seconds.
  path: Assets/PlayerController.cs
  artifactKey: Guid(c90f4357dd6abda45b1279a174f772dd) Importer(815301076,1909f56bfc062723c751e8b465ee728b)
Start importing Assets/PlayerController.cs using Guid(c90f4357dd6abda45b1279a174f772dd) Importer(815301076,1909f56bfc062723c751e8b465ee728b)  -> (artifact id: '26e91d9deabd2acaed690cfe904a72b1') in 0.019547 seconds 
========================================================================
Received Prepare
Registering precompiled user dll's ...
Registered in 0.005568 seconds.
Begin MonoManager ReloadAssembly
Symbol file LoadedFromMemory doesn't match image C:\Users\multicampus\3DModel\Library\PackageCache\com.unity.collab-proxy@1.15.15\Lib\Editor\PlasticSCM\unityplastic.dll
Native extension for WindowsStandalone target not found
Native extension for WebGL target not found
Refreshing native plugins compatible for Editor in 1.03 ms, found 2 plugins.
Preloading 0 native plugins for Editor in 0.00 ms.
Mono: successfully reloaded assembly
- Completed reload, in  2.751 seconds
Domain Reload Profiling:
	ReloadAssembly (2751ms)
		BeginReloadAssembly (243ms)
			ExecutionOrderSort (0ms)
			DisableScriptedObjects (9ms)
			BackupInstance (0ms)
			ReleaseScriptingObjects (0ms)
			CreateAndSetChildDomain (53ms)
		EndReloadAssembly (2379ms)
			LoadAssemblies (254ms)
			RebuildTransferFunctionScriptingTraits (0ms)
			SetupTypeCache (712ms)
			ReleaseScriptCaches (1ms)
			RebuildScriptCaches (147ms)
			SetupLoadedEditorAssemblies (820ms)
				LogAssemblyErrors (0ms)
				InitializePlatformSupportModulesInManaged (93ms)
				SetLoadedEditorAssemblies (6ms)
				RefreshPlugins (1ms)
				BeforeProcessingInitializeOnLoad (233ms)
				ProcessInitializeOnLoadAttributes (453ms)
				ProcessInitializeOnLoadMethodAttributes (22ms)
				AfterProcessingInitializeOnLoad (12ms)
				EditorAssembliesLoaded (0ms)
			ExecutionOrderSort2 (0ms)
			AwakeInstancesAfterBackupRestoration (18ms)
Platform modules already initialized, skipping
Refreshing native plugins compatible for Editor in 0.91 ms, found 2 plugins.
Preloading 0 native plugins for Editor in 0.00 ms.
Unloading 1516 Unused Serialized files (Serialized files now loaded: 0)
System memory in use before: 87.4 MB.
System memory in use after: 87.5 MB.

Unloading 11 unused Assets to reduce memory usage. Loaded Objects now: 2016.
Total: 7.146900 ms (FindLiveObjects: 0.330200 ms CreateObjectMapping: 0.267400 ms MarkObjects: 6.503000 ms  DeleteObjects: 0.043700 ms)

AssetImportParameters requested are different than current active one (requested -> active):
  custom:framework-win-MediaFoundation: 216162199b28c13a410421893ffa2e32 -> 
  custom:video-decoder-ogg-theora: a1e56fd34408186e4bbccfd4996cb3dc -> 
  custom:container-muxer-webm: aa71ff27fc2769a1b78a27578f13a17b -> 
  custom:container-demuxer-webm: 4f35f7cbe854078d1ac9338744f61a02 -> 
  custom:container-demuxer-ogg: 62fdf1f143b41e24485cea50d1cbac27 -> 
  custom:video-encoder-webm-vp8: eb34c28f22e8b96e1ab97ce403110664 -> 
  custom:video-decoder-webm-vp8: 9c59270c3fd7afecdb556c50c9e8de78 -> 
  custom:audio-decoder-ogg-vorbis: bf7c407c2cedff20999df2af8eb42d56 -> 
  custom:audio-encoder-webm-vorbis: bf7c407c2cedff20999df2af8eb42d56 -> 
========================================================================
Received Prepare
Registering precompiled user dll's ...
Registered in 0.006325 seconds.
Begin MonoManager ReloadAssembly
Symbol file LoadedFromMemory doesn't match image C:\Users\multicampus\3DModel\Library\PackageCache\com.unity.collab-proxy@1.15.15\Lib\Editor\PlasticSCM\unityplastic.dll
Native extension for WindowsStandalone target not found
Native extension for WebGL target not found
Refreshing native plugins compatible for Editor in 0.47 ms, found 2 plugins.
Preloading 0 native plugins for Editor in 0.00 ms.
Mono: successfully reloaded assembly
- Completed reload, in  1.764 seconds
Domain Reload Profiling:
	ReloadAssembly (1765ms)
		BeginReloadAssembly (247ms)
			ExecutionOrderSort (0ms)
			DisableScriptedObjects (10ms)
			BackupInstance (0ms)
			ReleaseScriptingObjects (0ms)
			CreateAndSetChildDomain (54ms)
		EndReloadAssembly (1414ms)
			LoadAssemblies (234ms)
			RebuildTransferFunctionScriptingTraits (0ms)
			SetupTypeCache (482ms)
			ReleaseScriptCaches (1ms)
			RebuildScriptCaches (75ms)
			SetupLoadedEditorAssemblies (515ms)
				LogAssemblyErrors (0ms)
				InitializePlatformSupportModulesInManaged (10ms)
				SetLoadedEditorAssemblies (1ms)
				RefreshPlugins (1ms)
				BeforeProcessingInitializeOnLoad (153ms)
				ProcessInitializeOnLoadAttributes (323ms)
				ProcessInitializeOnLoadMethodAttributes (19ms)
				AfterProcessingInitializeOnLoad (8ms)
				EditorAssembliesLoaded (0ms)
			ExecutionOrderSort2 (0ms)
			AwakeInstancesAfterBackupRestoration (14ms)
Platform modules already initialized, skipping
Refreshing native plugins compatible for Editor in 0.49 ms, found 2 plugins.
Preloading 0 native plugins for Editor in 0.00 ms.
Unloading 1516 Unused Serialized files (Serialized files now loaded: 0)
System memory in use before: 87.4 MB.
System memory in use after: 87.5 MB.

Unloading 11 unused Assets to reduce memory usage. Loaded Objects now: 2019.
Total: 4.622400 ms (FindLiveObjects: 0.328200 ms CreateObjectMapping: 0.153700 ms MarkObjects: 4.098500 ms  DeleteObjects: 0.040300 ms)

AssetImportParameters requested are different than current active one (requested -> active):
  custom:framework-win-MediaFoundation: 216162199b28c13a410421893ffa2e32 -> 
  custom:video-decoder-ogg-theora: a1e56fd34408186e4bbccfd4996cb3dc -> 
  custom:container-muxer-webm: aa71ff27fc2769a1b78a27578f13a17b -> 
  custom:container-demuxer-webm: 4f35f7cbe854078d1ac9338744f61a02 -> 
  custom:container-demuxer-ogg: 62fdf1f143b41e24485cea50d1cbac27 -> 
  custom:video-encoder-webm-vp8: eb34c28f22e8b96e1ab97ce403110664 -> 
  custom:video-decoder-webm-vp8: 9c59270c3fd7afecdb556c50c9e8de78 -> 
  custom:audio-decoder-ogg-vorbis: bf7c407c2cedff20999df2af8eb42d56 -> 
  custom:audio-encoder-webm-vorbis: bf7c407c2cedff20999df2af8eb42d56 -> 
========================================================================
Received Import Request.
  Time since last request: 190.433243 seconds.
  path: Assets/PlayerController.cs
  artifactKey: Guid(c90f4357dd6abda45b1279a174f772dd) Importer(815301076,1909f56bfc062723c751e8b465ee728b)
Start importing Assets/PlayerController.cs using Guid(c90f4357dd6abda45b1279a174f772dd) Importer(815301076,1909f56bfc062723c751e8b465ee728b)  -> (artifact id: 'b7e3aaeaa90553ef41dbba9a309c726e') in 0.010053 seconds 
========================================================================
Received Prepare
Registering precompiled user dll's ...
Registered in 0.005779 seconds.
Begin MonoManager ReloadAssembly
Symbol file LoadedFromMemory doesn't match image C:\Users\multicampus\3DModel\Library\PackageCache\com.unity.collab-proxy@1.15.15\Lib\Editor\PlasticSCM\unityplastic.dll
Native extension for WindowsStandalone target not found
Native extension for WebGL target not found
Refreshing native plugins compatible for Editor in 0.51 ms, found 2 plugins.
Preloading 0 native plugins for Editor in 0.00 ms.
Mono: successfully reloaded assembly
- Completed reload, in  1.876 seconds
Domain Reload Profiling:
	ReloadAssembly (1877ms)
		BeginReloadAssembly (240ms)
			ExecutionOrderSort (0ms)
			DisableScriptedObjects (9ms)
			BackupInstance (0ms)
			ReleaseScriptingObjects (0ms)
			CreateAndSetChildDomain (52ms)
		EndReloadAssembly (1511ms)
			LoadAssemblies (236ms)
			RebuildTransferFunctionScriptingTraits (0ms)
			SetupTypeCache (570ms)
			ReleaseScriptCaches (1ms)
			RebuildScriptCaches (69ms)
			SetupLoadedEditorAssemblies (520ms)
				LogAssemblyErrors (0ms)
				InitializePlatformSupportModulesInManaged (11ms)
				SetLoadedEditorAssemblies (1ms)
				RefreshPlugins (1ms)
				BeforeProcessingInitializeOnLoad (156ms)
				ProcessInitializeOnLoadAttributes (326ms)
				ProcessInitializeOnLoadMethodAttributes (16ms)
				AfterProcessingInitializeOnLoad (8ms)
				EditorAssembliesLoaded (0ms)
			ExecutionOrderSort2 (0ms)
			AwakeInstancesAfterBackupRestoration (13ms)
Platform modules already initialized, skipping
Refreshing native plugins compatible for Editor in 0.52 ms, found 2 plugins.
Preloading 0 native plugins for Editor in 0.00 ms.
Unloading 1516 Unused Serialized files (Serialized files now loaded: 0)
System memory in use before: 87.4 MB.
System memory in use after: 87.5 MB.

Unloading 11 unused Assets to reduce memory usage. Loaded Objects now: 2022.
Total: 4.550700 ms (FindLiveObjects: 0.183200 ms CreateObjectMapping: 0.085200 ms MarkObjects: 4.244600 ms  DeleteObjects: 0.035800 ms)

AssetImportParameters requested are different than current active one (requested -> active):
  custom:framework-win-MediaFoundation: 216162199b28c13a410421893ffa2e32 -> 
  custom:video-decoder-ogg-theora: a1e56fd34408186e4bbccfd4996cb3dc -> 
  custom:container-muxer-webm: aa71ff27fc2769a1b78a27578f13a17b -> 
  custom:container-demuxer-webm: 4f35f7cbe854078d1ac9338744f61a02 -> 
  custom:container-demuxer-ogg: 62fdf1f143b41e24485cea50d1cbac27 -> 
  custom:video-encoder-webm-vp8: eb34c28f22e8b96e1ab97ce403110664 -> 
  custom:video-decoder-webm-vp8: 9c59270c3fd7afecdb556c50c9e8de78 -> 
  custom:audio-decoder-ogg-vorbis: bf7c407c2cedff20999df2af8eb42d56 -> 
  custom:audio-encoder-webm-vorbis: bf7c407c2cedff20999df2af8eb42d56 -> 
========================================================================
Received Prepare
Registering precompiled user dll's ...
Registered in 0.005668 seconds.
Begin MonoManager ReloadAssembly
Symbol file LoadedFromMemory doesn't match image C:\Users\multicampus\3DModel\Library\PackageCache\com.unity.collab-proxy@1.15.15\Lib\Editor\PlasticSCM\unityplastic.dll
Native extension for WindowsStandalone target not found
Native extension for WebGL target not found
Refreshing native plugins compatible for Editor in 0.77 ms, found 2 plugins.
Preloading 0 native plugins for Editor in 0.00 ms.
Mono: successfully reloaded assembly
- Completed reload, in  1.962 seconds
Domain Reload Profiling:
	ReloadAssembly (1963ms)
		BeginReloadAssembly (254ms)
			ExecutionOrderSort (0ms)
			DisableScriptedObjects (9ms)
			BackupInstance (0ms)
			ReleaseScriptingObjects (0ms)
			CreateAndSetChildDomain (55ms)
		EndReloadAssembly (1589ms)
			LoadAssemblies (248ms)
			RebuildTransferFunctionScriptingTraits (0ms)
			SetupTypeCache (561ms)
			ReleaseScriptCaches (2ms)
			RebuildScriptCaches (77ms)
			SetupLoadedEditorAssemblies (578ms)
				LogAssemblyErrors (0ms)
				InitializePlatformSupportModulesInManaged (11ms)
				SetLoadedEditorAssemblies (1ms)
				RefreshPlugins (1ms)
				BeforeProcessingInitializeOnLoad (168ms)
				ProcessInitializeOnLoadAttributes (364ms)
				ProcessInitializeOnLoadMethodAttributes (21ms)
				AfterProcessingInitializeOnLoad (10ms)
				EditorAssembliesLoaded (1ms)
			ExecutionOrderSort2 (0ms)
			AwakeInstancesAfterBackupRestoration (14ms)
Platform modules already initialized, skipping
Refreshing native plugins compatible for Editor in 0.47 ms, found 2 plugins.
Preloading 0 native plugins for Editor in 0.00 ms.
Unloading 1516 Unused Serialized files (Serialized files now loaded: 0)
System memory in use before: 87.4 MB.
System memory in use after: 87.5 MB.

Unloading 11 unused Assets to reduce memory usage. Loaded Objects now: 2025.
Total: 4.702100 ms (FindLiveObjects: 0.236000 ms CreateObjectMapping: 0.167800 ms MarkObjects: 4.265600 ms  DeleteObjects: 0.031100 ms)

AssetImportParameters requested are different than current active one (requested -> active):
  custom:framework-win-MediaFoundation: 216162199b28c13a410421893ffa2e32 -> 
  custom:video-decoder-ogg-theora: a1e56fd34408186e4bbccfd4996cb3dc -> 
  custom:container-muxer-webm: aa71ff27fc2769a1b78a27578f13a17b -> 
  custom:container-demuxer-webm: 4f35f7cbe854078d1ac9338744f61a02 -> 
  custom:container-demuxer-ogg: 62fdf1f143b41e24485cea50d1cbac27 -> 
  custom:video-encoder-webm-vp8: eb34c28f22e8b96e1ab97ce403110664 -> 
  custom:video-decoder-webm-vp8: 9c59270c3fd7afecdb556c50c9e8de78 -> 
  custom:audio-decoder-ogg-vorbis: bf7c407c2cedff20999df2af8eb42d56 -> 
  custom:audio-encoder-webm-vorbis: bf7c407c2cedff20999df2af8eb42d56 -> 
========================================================================
Received Prepare
Registering precompiled user dll's ...
Registered in 0.005519 seconds.
Begin MonoManager ReloadAssembly
Symbol file LoadedFromMemory doesn't match image C:\Users\multicampus\3DModel\Library\PackageCache\com.unity.collab-proxy@1.15.15\Lib\Editor\PlasticSCM\unityplastic.dll
Native extension for WindowsStandalone target not found
Native extension for WebGL target not found
Refreshing native plugins compatible for Editor in 0.49 ms, found 2 plugins.
Preloading 0 native plugins for Editor in 0.00 ms.
Mono: successfully reloaded assembly
- Completed reload, in  1.726 seconds
Domain Reload Profiling:
	ReloadAssembly (1726ms)
		BeginReloadAssembly (216ms)
			ExecutionOrderSort (0ms)
			DisableScriptedObjects (7ms)
			BackupInstance (0ms)
			ReleaseScriptingObjects (0ms)
			CreateAndSetChildDomain (43ms)
		EndReloadAssembly (1399ms)
			LoadAssemblies (215ms)
			RebuildTransferFunctionScriptingTraits (0ms)
			SetupTypeCache (481ms)
			ReleaseScriptCaches (1ms)
			RebuildScriptCaches (67ms)
			SetupLoadedEditorAssemblies (518ms)
				LogAssemblyErrors (0ms)
				InitializePlatformSupportModulesInManaged (10ms)
				SetLoadedEditorAssemblies (1ms)
				RefreshPlugins (1ms)
				BeforeProcessingInitializeOnLoad (164ms)
				ProcessInitializeOnLoadAttributes (319ms)
				ProcessInitializeOnLoadMethodAttributes (15ms)
				AfterProcessingInitializeOnLoad (8ms)
				EditorAssembliesLoaded (0ms)
			ExecutionOrderSort2 (0ms)
			AwakeInstancesAfterBackupRestoration (12ms)
Platform modules already initialized, skipping
Refreshing native plugins compatible for Editor in 0.52 ms, found 2 plugins.
Preloading 0 native plugins for Editor in 0.00 ms.
Unloading 1516 Unused Serialized files (Serialized files now loaded: 0)
System memory in use before: 87.4 MB.
System memory in use after: 87.5 MB.

Unloading 11 unused Assets to reduce memory usage. Loaded Objects now: 2028.
Total: 4.323200 ms (FindLiveObjects: 0.206300 ms CreateObjectMapping: 0.088900 ms MarkObjects: 3.999800 ms  DeleteObjects: 0.026400 ms)

AssetImportParameters requested are different than current active one (requested -> active):
  custom:framework-win-MediaFoundation: 216162199b28c13a410421893ffa2e32 -> 
  custom:video-decoder-ogg-theora: a1e56fd34408186e4bbccfd4996cb3dc -> 
  custom:container-muxer-webm: aa71ff27fc2769a1b78a27578f13a17b -> 
  custom:container-demuxer-webm: 4f35f7cbe854078d1ac9338744f61a02 -> 
  custom:container-demuxer-ogg: 62fdf1f143b41e24485cea50d1cbac27 -> 
  custom:video-encoder-webm-vp8: eb34c28f22e8b96e1ab97ce403110664 -> 
  custom:video-decoder-webm-vp8: 9c59270c3fd7afecdb556c50c9e8de78 -> 
  custom:audio-decoder-ogg-vorbis: bf7c407c2cedff20999df2af8eb42d56 -> 
  custom:audio-encoder-webm-vorbis: bf7c407c2cedff20999df2af8eb42d56 -> 
========================================================================
Received Prepare
Registering precompiled user dll's ...
Registered in 0.005611 seconds.
Begin MonoManager ReloadAssembly
Symbol file LoadedFromMemory doesn't match image C:\Users\multicampus\3DModel\Library\PackageCache\com.unity.collab-proxy@1.15.15\Lib\Editor\PlasticSCM\unityplastic.dll
Native extension for WindowsStandalone target not found
Native extension for WebGL target not found
Refreshing native plugins compatible for Editor in 0.48 ms, found 2 plugins.
Preloading 0 native plugins for Editor in 0.00 ms.
Mono: successfully reloaded assembly
- Completed reload, in  1.720 seconds
Domain Reload Profiling:
	ReloadAssembly (1721ms)
		BeginReloadAssembly (247ms)
			ExecutionOrderSort (0ms)
			DisableScriptedObjects (9ms)
			BackupInstance (0ms)
			ReleaseScriptingObjects (0ms)
			CreateAndSetChildDomain (47ms)
		EndReloadAssembly (1355ms)
			LoadAssemblies (244ms)
			RebuildTransferFunctionScriptingTraits (0ms)
			SetupTypeCache (457ms)
			ReleaseScriptCaches (1ms)
			RebuildScriptCaches (67ms)
			SetupLoadedEditorAssemblies (499ms)
				LogAssemblyErrors (0ms)
				InitializePlatformSupportModulesInManaged (10ms)
				SetLoadedEditorAssemblies (1ms)
				RefreshPlugins (1ms)
				BeforeProcessingInitializeOnLoad (152ms)
				ProcessInitializeOnLoadAttributes (313ms)
				ProcessInitializeOnLoadMethodAttributes (15ms)
				AfterProcessingInitializeOnLoad (8ms)
				EditorAssembliesLoaded (0ms)
			ExecutionOrderSort2 (0ms)
			AwakeInstancesAfterBackupRestoration (12ms)
Platform modules already initialized, skipping
Refreshing native plugins compatible for Editor in 0.72 ms, found 2 plugins.
Preloading 0 native plugins for Editor in 0.00 ms.
Unloading 1516 Unused Serialized files (Serialized files now loaded: 0)
System memory in use before: 87.4 MB.
System memory in use after: 87.5 MB.

Unloading 11 unused Assets to reduce memory usage. Loaded Objects now: 2031.
Total: 4.493700 ms (FindLiveObjects: 0.201300 ms CreateObjectMapping: 0.077900 ms MarkObjects: 4.171300 ms  DeleteObjects: 0.041500 ms)

AssetImportParameters requested are different than current active one (requested -> active):
  custom:framework-win-MediaFoundation: 216162199b28c13a410421893ffa2e32 -> 
  custom:video-decoder-ogg-theora: a1e56fd34408186e4bbccfd4996cb3dc -> 
  custom:container-muxer-webm: aa71ff27fc2769a1b78a27578f13a17b -> 
  custom:container-demuxer-webm: 4f35f7cbe854078d1ac9338744f61a02 -> 
  custom:container-demuxer-ogg: 62fdf1f143b41e24485cea50d1cbac27 -> 
  custom:video-encoder-webm-vp8: eb34c28f22e8b96e1ab97ce403110664 -> 
  custom:video-decoder-webm-vp8: 9c59270c3fd7afecdb556c50c9e8de78 -> 
  custom:audio-decoder-ogg-vorbis: bf7c407c2cedff20999df2af8eb42d56 -> 
  custom:audio-encoder-webm-vorbis: bf7c407c2cedff20999df2af8eb42d56 -> 
========================================================================
Received Prepare
Registering precompiled user dll's ...
Registered in 0.005382 seconds.
Begin MonoManager ReloadAssembly
Symbol file LoadedFromMemory doesn't match image C:\Users\multicampus\3DModel\Library\PackageCache\com.unity.collab-proxy@1.15.15\Lib\Editor\PlasticSCM\unityplastic.dll
Native extension for WindowsStandalone target not found
Native extension for WebGL target not found
Refreshing native plugins compatible for Editor in 0.49 ms, found 2 plugins.
Preloading 0 native plugins for Editor in 0.00 ms.
Mono: successfully reloaded assembly
- Completed reload, in  1.752 seconds
Domain Reload Profiling:
	ReloadAssembly (1753ms)
		BeginReloadAssembly (220ms)
			ExecutionOrderSort (0ms)
			DisableScriptedObjects (8ms)
			BackupInstance (0ms)
			ReleaseScriptingObjects (0ms)
			CreateAndSetChildDomain (51ms)
		EndReloadAssembly (1405ms)
			LoadAssemblies (213ms)
			RebuildTransferFunctionScriptingTraits (0ms)
			SetupTypeCache (487ms)
			ReleaseScriptCaches (1ms)
			RebuildScriptCaches (65ms)
			SetupLoadedEditorAssemblies (520ms)
				LogAssemblyErrors (0ms)
				InitializePlatformSupportModulesInManaged (10ms)
				SetLoadedEditorAssemblies (1ms)
				RefreshPlugins (1ms)
				BeforeProcessingInitializeOnLoad (163ms)
				ProcessInitializeOnLoadAttributes (321ms)
				ProcessInitializeOnLoadMethodAttributes (16ms)
				AfterProcessingInitializeOnLoad (8ms)
				EditorAssembliesLoaded (0ms)
			ExecutionOrderSort2 (0ms)
			AwakeInstancesAfterBackupRestoration (12ms)
Platform modules already initialized, skipping
Refreshing native plugins compatible for Editor in 0.48 ms, found 2 plugins.
Preloading 0 native plugins for Editor in 0.00 ms.
Unloading 1516 Unused Serialized files (Serialized files now loaded: 0)
System memory in use before: 87.4 MB.
System memory in use after: 87.5 MB.

Unloading 11 unused Assets to reduce memory usage. Loaded Objects now: 2034.
Total: 4.098600 ms (FindLiveObjects: 0.195900 ms CreateObjectMapping: 0.077400 ms MarkObjects: 3.793100 ms  DeleteObjects: 0.030700 ms)

AssetImportParameters requested are different than current active one (requested -> active):
  custom:framework-win-MediaFoundation: 216162199b28c13a410421893ffa2e32 -> 
  custom:video-decoder-ogg-theora: a1e56fd34408186e4bbccfd4996cb3dc -> 
  custom:container-muxer-webm: aa71ff27fc2769a1b78a27578f13a17b -> 
  custom:container-demuxer-webm: 4f35f7cbe854078d1ac9338744f61a02 -> 
  custom:container-demuxer-ogg: 62fdf1f143b41e24485cea50d1cbac27 -> 
  custom:video-encoder-webm-vp8: eb34c28f22e8b96e1ab97ce403110664 -> 
  custom:video-decoder-webm-vp8: 9c59270c3fd7afecdb556c50c9e8de78 -> 
  custom:audio-decoder-ogg-vorbis: bf7c407c2cedff20999df2af8eb42d56 -> 
  custom:audio-encoder-webm-vorbis: bf7c407c2cedff20999df2af8eb42d56 -> 
========================================================================
Received Prepare
Registering precompiled user dll's ...
Registered in 0.006125 seconds.
Begin MonoManager ReloadAssembly
Symbol file LoadedFromMemory doesn't match image C:\Users\multicampus\3DModel\Library\PackageCache\com.unity.collab-proxy@1.15.15\Lib\Editor\PlasticSCM\unityplastic.dll
Native extension for WindowsStandalone target not found
Native extension for WebGL target not found
Refreshing native plugins compatible for Editor in 0.52 ms, found 2 plugins.
Preloading 0 native plugins for Editor in 0.00 ms.
Mono: successfully reloaded assembly
- Completed reload, in  2.107 seconds
Domain Reload Profiling:
	ReloadAssembly (2108ms)
		BeginReloadAssembly (275ms)
			ExecutionOrderSort (0ms)
			DisableScriptedObjects (12ms)
			BackupInstance (0ms)
			ReleaseScriptingObjects (0ms)
			CreateAndSetChildDomain (58ms)
		EndReloadAssembly (1691ms)
			LoadAssemblies (272ms)
			RebuildTransferFunctionScriptingTraits (0ms)
			SetupTypeCache (560ms)
			ReleaseScriptCaches (1ms)
			RebuildScriptCaches (81ms)
			SetupLoadedEditorAssemblies (656ms)
				LogAssemblyErrors (0ms)
				InitializePlatformSupportModulesInManaged (12ms)
				SetLoadedEditorAssemblies (1ms)
				RefreshPlugins (1ms)
				BeforeProcessingInitializeOnLoad (223ms)
				ProcessInitializeOnLoadAttributes (394ms)
				ProcessInitializeOnLoadMethodAttributes (17ms)
				AfterProcessingInitializeOnLoad (8ms)
				EditorAssembliesLoaded (0ms)
			ExecutionOrderSort2 (0ms)
			AwakeInstancesAfterBackupRestoration (13ms)
Platform modules already initialized, skipping
Refreshing native plugins compatible for Editor in 0.76 ms, found 2 plugins.
Preloading 0 native plugins for Editor in 0.00 ms.
Unloading 1516 Unused Serialized files (Serialized files now loaded: 0)
System memory in use before: 87.4 MB.
System memory in use after: 87.5 MB.

Unloading 11 unused Assets to reduce memory usage. Loaded Objects now: 2037.
Total: 4.265800 ms (FindLiveObjects: 0.196700 ms CreateObjectMapping: 0.088600 ms MarkObjects: 3.948200 ms  DeleteObjects: 0.030800 ms)

AssetImportParameters requested are different than current active one (requested -> active):
  custom:framework-win-MediaFoundation: 216162199b28c13a410421893ffa2e32 -> 
  custom:video-decoder-ogg-theora: a1e56fd34408186e4bbccfd4996cb3dc -> 
  custom:container-muxer-webm: aa71ff27fc2769a1b78a27578f13a17b -> 
  custom:container-demuxer-webm: 4f35f7cbe854078d1ac9338744f61a02 -> 
  custom:container-demuxer-ogg: 62fdf1f143b41e24485cea50d1cbac27 -> 
  custom:video-encoder-webm-vp8: eb34c28f22e8b96e1ab97ce403110664 -> 
  custom:video-decoder-webm-vp8: 9c59270c3fd7afecdb556c50c9e8de78 -> 
  custom:audio-decoder-ogg-vorbis: bf7c407c2cedff20999df2af8eb42d56 -> 
  custom:audio-encoder-webm-vorbis: bf7c407c2cedff20999df2af8eb42d56 -> 
========================================================================
Received Prepare
Registering precompiled user dll's ...
Registered in 0.006208 seconds.
Begin MonoManager ReloadAssembly
Symbol file LoadedFromMemory doesn't match image C:\Users\multicampus\3DModel\Library\PackageCache\com.unity.collab-proxy@1.15.15\Lib\Editor\PlasticSCM\unityplastic.dll
Native extension for WindowsStandalone target not found
Native extension for WebGL target not found
Refreshing native plugins compatible for Editor in 0.48 ms, found 2 plugins.
Preloading 0 native plugins for Editor in 0.00 ms.
Mono: successfully reloaded assembly
- Completed reload, in  1.948 seconds
Domain Reload Profiling:
	ReloadAssembly (1949ms)
		BeginReloadAssembly (254ms)
			ExecutionOrderSort (0ms)
			DisableScriptedObjects (10ms)
			BackupInstance (0ms)
			ReleaseScriptingObjects (0ms)
			CreateAndSetChildDomain (55ms)
		EndReloadAssembly (1581ms)
			LoadAssemblies (250ms)
			RebuildTransferFunctionScriptingTraits (0ms)
			SetupTypeCache (554ms)
			ReleaseScriptCaches (1ms)
			RebuildScriptCaches (73ms)
			SetupLoadedEditorAssemblies (590ms)
				LogAssemblyErrors (0ms)
				InitializePlatformSupportModulesInManaged (11ms)
				SetLoadedEditorAssemblies (1ms)
				RefreshPlugins (1ms)
				BeforeProcessingInitializeOnLoad (167ms)
				ProcessInitializeOnLoadAttributes (383ms)
				ProcessInitializeOnLoadMethodAttributes (18ms)
				AfterProcessingInitializeOnLoad (9ms)
				EditorAssembliesLoaded (0ms)
			ExecutionOrderSort2 (0ms)
			AwakeInstancesAfterBackupRestoration (13ms)
Platform modules already initialized, skipping
Refreshing native plugins compatible for Editor in 0.54 ms, found 2 plugins.
Preloading 0 native plugins for Editor in 0.00 ms.
Unloading 1516 Unused Serialized files (Serialized files now loaded: 0)
System memory in use before: 87.4 MB.
System memory in use after: 87.5 MB.

Unloading 11 unused Assets to reduce memory usage. Loaded Objects now: 2040.
Total: 5.338900 ms (FindLiveObjects: 0.324200 ms CreateObjectMapping: 0.133500 ms MarkObjects: 4.841100 ms  DeleteObjects: 0.038100 ms)

AssetImportParameters requested are different than current active one (requested -> active):
  custom:framework-win-MediaFoundation: 216162199b28c13a410421893ffa2e32 -> 
  custom:video-decoder-ogg-theora: a1e56fd34408186e4bbccfd4996cb3dc -> 
  custom:container-muxer-webm: aa71ff27fc2769a1b78a27578f13a17b -> 
  custom:container-demuxer-webm: 4f35f7cbe854078d1ac9338744f61a02 -> 
  custom:container-demuxer-ogg: 62fdf1f143b41e24485cea50d1cbac27 -> 
  custom:video-encoder-webm-vp8: eb34c28f22e8b96e1ab97ce403110664 -> 
  custom:video-decoder-webm-vp8: 9c59270c3fd7afecdb556c50c9e8de78 -> 
  custom:audio-decoder-ogg-vorbis: bf7c407c2cedff20999df2af8eb42d56 -> 
  custom:audio-encoder-webm-vorbis: bf7c407c2cedff20999df2af8eb42d56 -> 
AssetImportWorkerClient::OnTransportError - code=2 error=End of file
